<?xml version="1.0" encoding="UTF-8"?>
<!-- Generated by org.testng.reporters.JUnitXMLReporter -->
<testsuite hostname="WKWIN4159591" name="Default test" tests="3" failures="0" timestamp="26 Apr 2018 10:53:28 GMT" time="64.811" errors="0">
  <testcase name="CreateNewTemplate" time="23.055" classname="aemTest.EnhancedProductHeroTest"/>
  <testcase name="AddEnhancedProductHero" time="17.254" classname="aemTest.EnhancedProductHeroTest"/>
  <testcase name="PublishThePage" time="17.764" classname="aemTest.EnhancedProductHeroTest"/>
</testsuite> <!-- Default test -->
