<?xml version="1.0" encoding="UTF-8"?>
<testng-results skipped="0" failed="0" total="3" passed="3">
  <reporter-output>
  </reporter-output>
  <suite name="Default suite" duration-ms="64811" started-at="2018-04-26T10:52:23Z" finished-at="2018-04-26T10:53:28Z">
    <groups>
    </groups>
    <test name="Default test" duration-ms="64811" started-at="2018-04-26T10:52:23Z" finished-at="2018-04-26T10:53:28Z">
      <class name="aemTest.EnhancedProductHeroTest">
        <test-method status="PASS" signature="StartBrowser()[pri:0, instance:aemTest.EnhancedProductHeroTest@6cc4c815]" name="StartBrowser" is-config="true" duration-ms="5858" started-at="2018-04-26T16:22:23Z" finished-at="2018-04-26T16:22:29Z">
          <reporter-output>
          </reporter-output>
        </test-method> <!-- StartBrowser -->
        <test-method status="PASS" signature="CreateNewTemplate()[pri:0, instance:aemTest.EnhancedProductHeroTest@6cc4c815]" name="CreateNewTemplate" duration-ms="23055" started-at="2018-04-26T16:22:29Z" finished-at="2018-04-26T16:22:52Z">
          <reporter-output>
          </reporter-output>
        </test-method> <!-- CreateNewTemplate -->
        <test-method status="PASS" signature="AddEnhancedProductHero()[pri:0, instance:aemTest.EnhancedProductHeroTest@6cc4c815]" name="AddEnhancedProductHero" duration-ms="17254" started-at="2018-04-26T16:22:52Z" finished-at="2018-04-26T16:23:10Z">
          <reporter-output>
          </reporter-output>
        </test-method> <!-- AddEnhancedProductHero -->
        <test-method status="PASS" signature="PublishThePage()[pri:0, instance:aemTest.EnhancedProductHeroTest@6cc4c815]" name="PublishThePage" duration-ms="17764" started-at="2018-04-26T16:23:10Z" finished-at="2018-04-26T16:23:27Z">
          <reporter-output>
          </reporter-output>
        </test-method> <!-- PublishThePage -->
        <test-method status="PASS" signature="CloseBrowser()[pri:0, instance:aemTest.EnhancedProductHeroTest@6cc4c815]" name="CloseBrowser" is-config="true" duration-ms="852" started-at="2018-04-26T16:23:27Z" finished-at="2018-04-26T16:23:28Z">
          <reporter-output>
          </reporter-output>
        </test-method> <!-- CloseBrowser -->
      </class> <!-- aemTest.EnhancedProductHeroTest -->
    </test> <!-- Default test -->
  </suite> <!-- Default suite -->
</testng-results>
